d:\2023_ggp\source\game\x64\debug\vc142.pdb
d:\2023_ggp\source\game\x64\debug\vc142.idb
d:\2023_ggp\source\game\x64\debug\main.obj
d:\2023_ggp\source\game\x64\debug\rotatingpointlight.obj
d:\2023_ggp\source\game\x64\debug\rotatingcube.obj
d:\2023_ggp\source\game\x64\debug\cube.obj
d:\2023_ggp\source\game\x64\debug\basecube.obj
d:\2023_ggp\build\x64\debug\ps.cso
d:\2023_ggp\build\x64\debug\pssolid.cso
d:\2023_ggp\build\x64\debug\shader.cso
d:\2023_ggp\build\x64\debug\vs.cso
d:\2023_ggp\build\x64\debug\game.exe
d:\2023_ggp\source\game\x64\debug\game.ilk
d:\2023_ggp\build\x64\debug\game.pdb
d:\2023_ggp\source\game\x64\debug\game.tlog\cl.command.1.tlog
d:\2023_ggp\source\game\x64\debug\game.tlog\cl.read.1.tlog
d:\2023_ggp\source\game\x64\debug\game.tlog\cl.write.1.tlog
d:\2023_ggp\source\game\x64\debug\game.tlog\fxc.command.1.tlog
d:\2023_ggp\source\game\x64\debug\game.tlog\fxc.read.1.tlog
d:\2023_ggp\source\game\x64\debug\game.tlog\fxc.write.1.tlog
d:\2023_ggp\source\game\x64\debug\game.tlog\link.command.1.tlog
d:\2023_ggp\source\game\x64\debug\game.tlog\link.read.1.tlog
d:\2023_ggp\source\game\x64\debug\game.tlog\link.write.1.tlog
